\BOOKMARK [1][-]{section.1}{Introduction}{}% 1
\BOOKMARK [1][-]{section.2}{Pipeline description}{}% 2
\BOOKMARK [2][-]{subsection.2.1}{Syntetic particles generation}{section.2}% 3
\BOOKMARK [2][-]{subsection.2.2}{Density estimation}{section.2}% 4
\BOOKMARK [2][-]{subsection.2.3}{Density analysis}{section.2}% 5
\BOOKMARK [1][-]{section.3}{Density estimation methods}{}% 6
\BOOKMARK [2][-]{subsection.3.1}{Methods description}{section.3}% 7
\BOOKMARK [3][-]{subsubsection.3.1.1}{CIC}{subsection.3.1}% 8
\BOOKMARK [3][-]{subsubsection.3.1.2}{AKDE}{subsection.3.1}% 9
\BOOKMARK [3][-]{subsubsection.3.1.3}{SPH}{subsection.3.1}% 10
\BOOKMARK [3][-]{subsubsection.3.1.4}{Tess-Dense}{subsection.3.1}% 11
\BOOKMARK [2][-]{subsection.3.2}{Methods results}{section.3}% 12
\BOOKMARK [1][-]{section.4}{Error modelisation}{}% 13
\BOOKMARK [2][-]{subsection.4.1}{Error classification}{section.4}% 14
\BOOKMARK [2][-]{subsection.4.2}{Error injection}{section.4}% 15
\BOOKMARK [3][-]{subsubsection.4.2.1}{Single error injection}{subsection.4.2}% 16
\BOOKMARK [3][-]{subsubsection.4.2.2}{Multiple error injection}{subsection.4.2}% 17
\BOOKMARK [1][-]{section.5}{Results}{}% 18
\BOOKMARK [1][-]{section.6}{Conclusion}{}% 19
\BOOKMARK [1][-]{section*.21}{References}{}% 20
